<?xml version="1.0" encoding="UTF-8"?>
<testng-results skipped="0" failed="0" total="1" passed="1">
  <reporter-output>
  </reporter-output>
  <suite name="Default suite" duration-ms="7232" started-at="2019-07-27T19:11:13Z" finished-at="2019-07-27T19:11:20Z">
    <groups>
    </groups>
    <test name="Default test" duration-ms="7232" started-at="2019-07-27T19:11:13Z" finished-at="2019-07-27T19:11:20Z">
      <class name="testCases.TC_01_VerifyLogin">
        <test-method status="PASS" signature="setup()[pri:0, instance:testCases.TC_01_VerifyLogin@20e2cbe0]" name="setup" is-config="true" duration-ms="5788" started-at="2019-07-27T15:11:13Z" finished-at="2019-07-27T15:11:18Z">
          <reporter-output>
          </reporter-output>
        </test-method> <!-- setup -->
        <test-method status="PASS" signature="verifyLogin()[pri:0, instance:testCases.TC_01_VerifyLogin@20e2cbe0]" name="verifyLogin" duration-ms="801" started-at="2019-07-27T15:11:18Z" finished-at="2019-07-27T15:11:19Z">
          <reporter-output>
          </reporter-output>
        </test-method> <!-- verifyLogin -->
        <test-method status="PASS" signature="tearDown()[pri:0, instance:testCases.TC_01_VerifyLogin@20e2cbe0]" name="tearDown" is-config="true" duration-ms="623" started-at="2019-07-27T15:11:19Z" finished-at="2019-07-27T15:11:20Z">
          <reporter-output>
          </reporter-output>
        </test-method> <!-- tearDown -->
      </class> <!-- testCases.TC_01_VerifyLogin -->
    </test> <!-- Default test -->
  </suite> <!-- Default suite -->
</testng-results>
